# JRE version: OpenJDK Runtime Environment (8.0_171-b11) (build 1.8.0_171-8u171-b11-0ubuntu0.16.04.1-b11)
# Java VM: OpenJDK 64-Bit Server VM (25.171-b11 mixed mode linux-amd64 compressed oops)
Heap:
 PSYoungGen      total 228864K, used 14043K [0x00000000d6780000, 0x00000000e5600000, 0x0000000100000000)
  eden space 213504K, 0% used [0x00000000d6780000,0x00000000d6780000,0x00000000e3800000)
  from space 15360K, 91% used [0x00000000e3800000,0x00000000e45b6fa8,0x00000000e4700000)
  to   space 11776K, 0% used [0x00000000e4800000,0x00000000e4800000,0x00000000e5380000)
 ParOldGen       total 54272K, used 14308K [0x0000000083600000, 0x0000000086b00000, 0x00000000d6780000)
  object space 54272K, 26% used [0x0000000083600000,0x00000000843f9290,0x0000000086b00000)
 Metaspace       used 34898K, capacity 35294K, committed 35416K, reserved 1081344K
  class space    used 4444K, capacity 4579K, committed 4608K, reserved 1048576K
GC Heap History (10 events):
Event: 2.147 GC heap after
Heap after GC invocations=5 (full 0):
 PSYoungGen      total 70656K, used 5120K [0x00000000d6780000, 0x00000000dfa80000, 0x0000000100000000)
  eden space 65536K, 0% used [0x00000000d6780000,0x00000000d6780000,0x00000000da780000)
  from space 5120K, 100% used [0x00000000da780000,0x00000000dac80000,0x00000000dac80000)
  to   space 9728K, 0% used [0x00000000df100000,0x00000000df100000,0x00000000dfa80000)
 ParOldGen       total 86016K, used 7691K [0x0000000083600000, 0x0000000088a00000, 0x00000000d6780000)
  object space 86016K, 8% used [0x0000000083600000,0x0000000083d82eb0,0x0000000088a00000)
 Metaspace       used 20420K, capacity 20736K, committed 20864K, reserved 1067008K
  class space    used 2581K, capacity 2686K, committed 2688K, reserved 1048576K
}
Event: 2.224 GC heap before
{Heap before GC invocations=6 (full 0):
 PSYoungGen      total 70656K, used 11772K [0x00000000d6780000, 0x00000000dfa80000, 0x0000000100000000)
  eden space 65536K, 10% used [0x00000000d6780000,0x00000000d6dff290,0x00000000da780000)
  from space 5120K, 100% used [0x00000000da780000,0x00000000dac80000,0x00000000dac80000)
  to   space 9728K, 0% used [0x00000000df100000,0x00000000df100000,0x00000000dfa80000)
 ParOldGen       total 86016K, used 7691K [0x0000000083600000, 0x0000000088a00000, 0x00000000d6780000)
  object space 86016K, 8% used [0x0000000083600000,0x0000000083d82eb0,0x0000000088a00000)
 Metaspace       used 20816K, capacity 21120K, committed 21248K, reserved 1067008K
  class space    used 2640K, capacity 2750K, committed 2816K, reserved 1048576K
Event: 2.236 GC heap after
Heap after GC invocations=6 (full 0):
 PSYoungGen      total 139776K, used 5679K [0x00000000d6780000, 0x00000000df980000, 0x0000000100000000)
  eden space 131072K, 0% used [0x00000000d6780000,0x00000000d6780000,0x00000000de780000)
  from space 8704K, 65% used [0x00000000df100000,0x00000000df68bf50,0x00000000df980000)
  to   space 9216K, 0% used [0x00000000de780000,0x00000000de780000,0x00000000df080000)
 ParOldGen       total 86016K, used 7699K [0x0000000083600000, 0x0000000088a00000, 0x00000000d6780000)
  object space 86016K, 8% used [0x0000000083600000,0x0000000083d84eb0,0x0000000088a00000)
 Metaspace       used 20816K, capacity 21120K, committed 21248K, reserved 1067008K
  class space    used 2640K, capacity 2750K, committed 2816K, reserved 1048576K
}
Event: 2.236 GC heap before
{Heap before GC invocations=7 (full 1):
 PSYoungGen      total 139776K, used 5679K [0x00000000d6780000, 0x00000000df980000, 0x0000000100000000)
  eden space 131072K, 0% used [0x00000000d6780000,0x00000000d6780000,0x00000000de780000)
  from space 8704K, 65% used [0x00000000df100000,0x00000000df68bf50,0x00000000df980000)
  to   space 9216K, 0% used [0x00000000de780000,0x00000000de780000,0x00000000df080000)
 ParOldGen       total 86016K, used 7699K [0x0000000083600000, 0x0000000088a00000, 0x00000000d6780000)
  object space 86016K, 8% used [0x0000000083600000,0x0000000083d84eb0,0x0000000088a00000)
 Metaspace       used 20816K, capacity 21120K, committed 21248K, reserved 1067008K
  class space    used 2640K, capacity 2750K, committed 2816K, reserved 1048576K
Event: 2.290 GC heap after
Heap after GC invocations=7 (full 1):
 PSYoungGen      total 139776K, used 0K [0x00000000d6780000, 0x00000000df980000, 0x0000000100000000)
  eden space 131072K, 0% used [0x00000000d6780000,0x00000000d6780000,0x00000000de780000)
  from space 8704K, 0% used [0x00000000df100000,0x00000000df100000,0x00000000df980000)
  to   space 9216K, 0% used [0x00000000de780000,0x00000000de780000,0x00000000df080000)
 ParOldGen       total 54272K, used 7140K [0x0000000083600000, 0x0000000086b00000, 0x00000000d6780000)
  object space 54272K, 13% used [0x0000000083600000,0x0000000083cf9168,0x0000000086b00000)
 Metaspace       used 20816K, capacity 21120K, committed 21248K, reserved 1067008K
  class space    used 2640K, capacity 2750K, committed 2816K, reserved 1048576K
}
Event: 3.193 GC heap before
{Heap before GC invocations=8 (full 1):
 PSYoungGen      total 139776K, used 131053K [0x00000000d6780000, 0x00000000df980000, 0x0000000100000000)
  eden space 131072K, 99% used [0x00000000d6780000,0x00000000de77b510,0x00000000de780000)
  from space 8704K, 0% used [0x00000000df100000,0x00000000df100000,0x00000000df980000)
  to   space 9216K, 0% used [0x00000000de780000,0x00000000de780000,0x00000000df080000)
 ParOldGen       total 54272K, used 7140K [0x0000000083600000, 0x0000000086b00000, 0x00000000d6780000)
  object space 54272K, 13% used [0x0000000083600000,0x0000000083cf9168,0x0000000086b00000)
 Metaspace       used 26760K, capacity 27184K, committed 27392K, reserved 1073152K
  class space    used 3383K, capacity 3510K, committed 3584K, reserved 1048576K
Event: 3.213 GC heap after
Heap after GC invocations=8 (full 1):
 PSYoungGen      total 140288K, used 9214K [0x00000000d6780000, 0x00000000e5380000, 0x0000000100000000)
  eden space 131072K, 0% used [0x00000000d6780000,0x00000000d6780000,0x00000000de780000)
  from space 9216K, 99% used [0x00000000de780000,0x00000000df07fba0,0x00000000df080000)
  to   space 11776K, 0% used [0x00000000e4800000,0x00000000e4800000,0x00000000e5380000)
 ParOldGen       total 54272K, used 9756K [0x0000000083600000, 0x0000000086b00000, 0x00000000d6780000)
  object space 54272K, 17% used [0x0000000083600000,0x0000000083f87150,0x0000000086b00000)
 Metaspace       used 26760K, capacity 27184K, committed 27392K, reserved 1073152K
  class space    used 3383K, capacity 3510K, committed 3584K, reserved 1048576K
}
Event: 4.442 GC heap before
{Heap before GC invocations=9 (full 1):
 PSYoungGen      total 140288K, used 140286K [0x00000000d6780000, 0x00000000e5380000, 0x0000000100000000)
  eden space 131072K, 100% used [0x00000000d6780000,0x00000000de780000,0x00000000de780000)
  from space 9216K, 99% used [0x00000000de780000,0x00000000df07fba0,0x00000000df080000)
  to   space 11776K, 0% used [0x00000000e4800000,0x00000000e4800000,0x00000000e5380000)
 ParOldGen       total 54272K, used 9756K [0x0000000083600000, 0x0000000086b00000, 0x00000000d6780000)
  object space 54272K, 17% used [0x0000000083600000,0x0000000083f87150,0x0000000086b00000)
 Metaspace       used 32662K, capacity 33118K, committed 33280K, reserved 1079296K
  class space    used 4138K, capacity 4259K, committed 4352K, reserved 1048576K
Event: 4.471 GC heap after
Heap after GC invocations=9 (full 1):
 PSYoungGen      total 225280K, used 11760K [0x00000000d6780000, 0x00000000e5600000, 0x0000000100000000)
  eden space 213504K, 0% used [0x00000000d6780000,0x00000000d6780000,0x00000000e3800000)
  from space 11776K, 99% used [0x00000000e4800000,0x00000000e537c270,0x00000000e5380000)
  to   space 15360K, 0% used [0x00000000e3800000,0x00000000e3800000,0x00000000e4700000)
 ParOldGen       total 54272K, used 14300K [0x0000000083600000, 0x0000000086b00000, 0x00000000d6780000)
  object space 54272K, 26% used [0x0000000083600000,0x00000000843f7290,0x0000000086b00000)
 Metaspace       used 32662K, capacity 33118K, committed 33280K, reserved 1079296K
  class space    used 4138K, capacity 4259K, committed 4352K, reserved 1048576K
}
Event: 4.996 GC heap before
{Heap before GC invocations=10 (full 1):
 PSYoungGen      total 225280K, used 39629K [0x00000000d6780000, 0x00000000e5600000, 0x0000000100000000)
  eden space 213504K, 13% used [0x00000000d6780000,0x00000000d82b7220,0x00000000e3800000)
  from space 11776K, 99% used [0x00000000e4800000,0x00000000e537c270,0x00000000e5380000)
  to   space 15360K, 0% used [0x00000000e3800000,0x00000000e3800000,0x00000000e4700000)
 ParOldGen       total 54272K, used 14300K [0x0000000083600000, 0x0000000086b00000, 0x00000000d6780000)
  object space 54272K, 26% used [0x0000000083600000,0x00000000843f7290,0x0000000086b00000)
 Metaspace       used 34898K, capacity 35294K, committed 35416K, reserved 1081344K
  class space    used 4444K, capacity 4579K, committed 4608K, reserved 1048576K

