# JRE version: OpenJDK Runtime Environment (8.0_171-b11) (build 1.8.0_171-8u171-b11-0ubuntu0.16.04.1-b11)
# Java VM: OpenJDK 64-Bit Server VM (25.171-b11 mixed mode linux-amd64 compressed oops)
Heap:
 PSYoungGen      total 229376K, used 14073K [0x00000000d6780000, 0x00000000e5980000, 0x0000000100000000)
  eden space 214016K, 0% used [0x00000000d6780000,0x00000000d6780000,0x00000000e3880000)
  from space 15360K, 91% used [0x00000000e3880000,0x00000000e463e660,0x00000000e4780000)
  to   space 11776K, 0% used [0x00000000e4780000,0x00000000e4780000,0x00000000e5300000)
 ParOldGen       total 54272K, used 14266K [0x0000000083600000, 0x0000000086b00000, 0x00000000d6780000)
  object space 54272K, 26% used [0x0000000083600000,0x00000000843ee9b0,0x0000000086b00000)
 Metaspace       used 34844K, capacity 35294K, committed 35416K, reserved 1081344K
  class space    used 4441K, capacity 4579K, committed 4608K, reserved 1048576K
GC Heap History (10 events):
Event: 2.788 GC heap after
Heap after GC invocations=5 (full 0):
 PSYoungGen      total 70656K, used 5091K [0x00000000d6780000, 0x00000000dfa80000, 0x0000000100000000)
  eden space 65536K, 0% used [0x00000000d6780000,0x00000000d6780000,0x00000000da780000)
  from space 5120K, 99% used [0x00000000da780000,0x00000000dac78ce0,0x00000000dac80000)
  to   space 9728K, 0% used [0x00000000df100000,0x00000000df100000,0x00000000dfa80000)
 ParOldGen       total 86016K, used 7761K [0x0000000083600000, 0x0000000088a00000, 0x00000000d6780000)
  object space 86016K, 9% used [0x0000000083600000,0x0000000083d94718,0x0000000088a00000)
 Metaspace       used 20436K, capacity 20736K, committed 20864K, reserved 1067008K
  class space    used 2581K, capacity 2686K, committed 2688K, reserved 1048576K
}
Event: 2.865 GC heap before
{Heap before GC invocations=6 (full 0):
 PSYoungGen      total 70656K, used 11758K [0x00000000d6780000, 0x00000000dfa80000, 0x0000000100000000)
  eden space 65536K, 10% used [0x00000000d6780000,0x00000000d6e02e00,0x00000000da780000)
  from space 5120K, 99% used [0x00000000da780000,0x00000000dac78ce0,0x00000000dac80000)
  to   space 9728K, 0% used [0x00000000df100000,0x00000000df100000,0x00000000dfa80000)
 ParOldGen       total 86016K, used 7761K [0x0000000083600000, 0x0000000088a00000, 0x00000000d6780000)
  object space 86016K, 9% used [0x0000000083600000,0x0000000083d94718,0x0000000088a00000)
 Metaspace       used 20828K, capacity 21120K, committed 21248K, reserved 1067008K
  class space    used 2640K, capacity 2750K, committed 2816K, reserved 1048576K
Event: 2.873 GC heap after
Heap after GC invocations=6 (full 0):
 PSYoungGen      total 139776K, used 5569K [0x00000000d6780000, 0x00000000df980000, 0x0000000100000000)
  eden space 131072K, 0% used [0x00000000d6780000,0x00000000d6780000,0x00000000de780000)
  from space 8704K, 63% used [0x00000000df100000,0x00000000df670530,0x00000000df980000)
  to   space 9216K, 0% used [0x00000000de780000,0x00000000de780000,0x00000000df080000)
 ParOldGen       total 86016K, used 7761K [0x0000000083600000, 0x0000000088a00000, 0x00000000d6780000)
  object space 86016K, 9% used [0x0000000083600000,0x0000000083d94718,0x0000000088a00000)
 Metaspace       used 20828K, capacity 21120K, committed 21248K, reserved 1067008K
  class space    used 2640K, capacity 2750K, committed 2816K, reserved 1048576K
}
Event: 2.873 GC heap before
{Heap before GC invocations=7 (full 1):
 PSYoungGen      total 139776K, used 5569K [0x00000000d6780000, 0x00000000df980000, 0x0000000100000000)
  eden space 131072K, 0% used [0x00000000d6780000,0x00000000d6780000,0x00000000de780000)
  from space 8704K, 63% used [0x00000000df100000,0x00000000df670530,0x00000000df980000)
  to   space 9216K, 0% used [0x00000000de780000,0x00000000de780000,0x00000000df080000)
 ParOldGen       total 86016K, used 7761K [0x0000000083600000, 0x0000000088a00000, 0x00000000d6780000)
  object space 86016K, 9% used [0x0000000083600000,0x0000000083d94718,0x0000000088a00000)
 Metaspace       used 20828K, capacity 21120K, committed 21248K, reserved 1067008K
  class space    used 2640K, capacity 2750K, committed 2816K, reserved 1048576K
Event: 2.932 GC heap after
Heap after GC invocations=7 (full 1):
 PSYoungGen      total 139776K, used 0K [0x00000000d6780000, 0x00000000df980000, 0x0000000100000000)
  eden space 131072K, 0% used [0x00000000d6780000,0x00000000d6780000,0x00000000de780000)
  from space 8704K, 0% used [0x00000000df100000,0x00000000df100000,0x00000000df980000)
  to   space 9216K, 0% used [0x00000000de780000,0x00000000de780000,0x00000000df080000)
 ParOldGen       total 54272K, used 7125K [0x0000000083600000, 0x0000000086b00000, 0x00000000d6780000)
  object space 54272K, 13% used [0x0000000083600000,0x0000000083cf5740,0x0000000086b00000)
 Metaspace       used 20828K, capacity 21120K, committed 21248K, reserved 1067008K
  class space    used 2640K, capacity 2750K, committed 2816K, reserved 1048576K
}
Event: 3.957 GC heap before
{Heap before GC invocations=8 (full 1):
 PSYoungGen      total 139776K, used 131062K [0x00000000d6780000, 0x00000000df980000, 0x0000000100000000)
  eden space 131072K, 99% used [0x00000000d6780000,0x00000000de77db58,0x00000000de780000)
  from space 8704K, 0% used [0x00000000df100000,0x00000000df100000,0x00000000df980000)
  to   space 9216K, 0% used [0x00000000de780000,0x00000000de780000,0x00000000df080000)
 ParOldGen       total 54272K, used 7125K [0x0000000083600000, 0x0000000086b00000, 0x00000000d6780000)
  object space 54272K, 13% used [0x0000000083600000,0x0000000083cf5740,0x0000000086b00000)
 Metaspace       used 26756K, capacity 27184K, committed 27392K, reserved 1073152K
  class space    used 3383K, capacity 3510K, committed 3584K, reserved 1048576K
Event: 3.978 GC heap after
Heap after GC invocations=8 (full 1):
 PSYoungGen      total 140288K, used 9187K [0x00000000d6780000, 0x00000000e5300000, 0x0000000100000000)
  eden space 131072K, 0% used [0x00000000d6780000,0x00000000d6780000,0x00000000de780000)
  from space 9216K, 99% used [0x00000000de780000,0x00000000df078c88,0x00000000df080000)
  to   space 11776K, 0% used [0x00000000e4780000,0x00000000e4780000,0x00000000e5300000)
 ParOldGen       total 54272K, used 9742K [0x0000000083600000, 0x0000000086b00000, 0x00000000d6780000)
  object space 54272K, 17% used [0x0000000083600000,0x0000000083f83ad0,0x0000000086b00000)
 Metaspace       used 26756K, capacity 27184K, committed 27392K, reserved 1073152K
  class space    used 3383K, capacity 3510K, committed 3584K, reserved 1048576K
}
Event: 5.133 GC heap before
{Heap before GC invocations=9 (full 1):
 PSYoungGen      total 140288K, used 140259K [0x00000000d6780000, 0x00000000e5300000, 0x0000000100000000)
  eden space 131072K, 100% used [0x00000000d6780000,0x00000000de780000,0x00000000de780000)
  from space 9216K, 99% used [0x00000000de780000,0x00000000df078c88,0x00000000df080000)
  to   space 11776K, 0% used [0x00000000e4780000,0x00000000e4780000,0x00000000e5300000)
 ParOldGen       total 54272K, used 9742K [0x0000000083600000, 0x0000000086b00000, 0x00000000d6780000)
  object space 54272K, 17% used [0x0000000083600000,0x0000000083f83ad0,0x0000000086b00000)
 Metaspace       used 32663K, capacity 33118K, committed 33280K, reserved 1079296K
  class space    used 4138K, capacity 4259K, committed 4352K, reserved 1048576K
Event: 5.178 GC heap after
Heap after GC invocations=9 (full 1):
 PSYoungGen      total 225792K, used 11768K [0x00000000d6780000, 0x00000000e5980000, 0x0000000100000000)
  eden space 214016K, 0% used [0x00000000d6780000,0x00000000d6780000,0x00000000e3880000)
  from space 11776K, 99% used [0x00000000e4780000,0x00000000e52fe170,0x00000000e5300000)
  to   space 15360K, 0% used [0x00000000e3880000,0x00000000e3880000,0x00000000e4780000)
 ParOldGen       total 54272K, used 14258K [0x0000000083600000, 0x0000000086b00000, 0x00000000d6780000)
  object space 54272K, 26% used [0x0000000083600000,0x00000000843ec9b0,0x0000000086b00000)
 Metaspace       used 32663K, capacity 33118K, committed 33280K, reserved 1079296K
  class space    used 4138K, capacity 4259K, committed 4352K, reserved 1048576K
}
Event: 6.122 GC heap before
{Heap before GC invocations=10 (full 1):
 PSYoungGen      total 225792K, used 35446K [0x00000000d6780000, 0x00000000e5980000, 0x0000000100000000)
  eden space 214016K, 11% used [0x00000000d6780000,0x00000000d7e9f968,0x00000000e3880000)
  from space 11776K, 99% used [0x00000000e4780000,0x00000000e52fe170,0x00000000e5300000)
  to   space 15360K, 0% used [0x00000000e3880000,0x00000000e3880000,0x00000000e4780000)
 ParOldGen       total 54272K, used 14258K [0x0000000083600000, 0x0000000086b00000, 0x00000000d6780000)
  object space 54272K, 26% used [0x0000000083600000,0x00000000843ec9b0,0x0000000086b00000)
 Metaspace       used 34844K, capacity 35294K, committed 35416K, reserved 1081344K
  class space    used 4441K, capacity 4579K, committed 4608K, reserved 1048576K

